<?xml version="1.0" encoding="UTF-8"?>
<!-- Generated by org.testng.reporters.JUnitReportReporter -->
<testsuite skipped="0" hostname="mayank" name="com.keywordframework.qa.tests.LoginTest" tests="1" failures="0" timestamp="17 May 2020 17:24:24 GMT" time="31.034" errors="0">
  <testcase name="loginTest" time="31.034" classname="com.keywordframework.qa.tests.LoginTest"/>
</testsuite> <!-- com.keywordframework.qa.tests.LoginTest -->
